-------------------------------------------------------------------------------
Test set: com.ksa.dao.logistics.mybatis.MybatisBookingNoteDaoTest
-------------------------------------------------------------------------------
Tests run: 1, Failures: 0, Errors: 1, Skipped: 0, Time elapsed: 0.181 sec <<< FAILURE!
testCrudBookingNote(com.ksa.dao.logistics.mybatis.MybatisBookingNoteDaoTest)  Time elapsed: 0.013 sec  <<< ERROR!
org.springframework.jdbc.BadSqlGrammarException: 
### Error updating database.  Cause: org.h2.jdbc.JdbcSQLException: Column "CARGO_NAME_ENG" not found; SQL statement:
INSERT INTO KSA_LOGISTICS_BOOKINGNOTE
						(  ID, 	CODE, 	TYPE, TYPE_SUB,		SERIAL_NUMBER, 	CUSTOMER_ID, INVOICE_NUMBER, CREATED_DATE,  	CHARGE_DATE,					
						SALER_ID, CREATOR_ID, CARRIER_ID, SHIPPING_AGENT_ID, AGENT_ID,
						CARGO_NAME, CARGO_NAME_ENG, CARGO_PRICE, HS_CODE, KEY_CONTENT,
                        CARGO_NOTE, CARGO_CONTAINER, CARGO_DESCRIPTION, SHIPPING_MARK, VOLUMN, WEIGHT, QUANTITY, UNIT,QUANTITY_DESCRIPTION,
						TITLE, MAWB, HAWB, SHIPPER_ID, CONSIGNEE_ID, NOTIFY_ID,
						DEPARTURE, DEPARTURE_PORT, DEPARTURE_DATE, DESTINATION, DESTINATION_PORT, DESTINATION_DATE, LOADING_PORT, DISCHARGE_PORT, DELIVER_DATE,
						ROUTE, ROUTE_NAME, ROUTE_CODE,
						CUSTOMS_BROKER_ID,
						CUSTOMS_CODE, CUSTOMS_DATE, RETURN_CODE, RETURN_DATE, RETURN_DATE2,
						TAX_CODE, TAX_DATE1, EXPRESS_CODE, TAX_DATE2, 
						VEHICLE_TEAM_ID, VEHICLE_TYPE, VEHICLE_NUMBER, STATE )
		VALUES ( 	?,  ?, 	?, 	?,	?, ?,?,?,?,
			 		?, ?, ?, ?, ?, 
			 		?,?,?,?,?,
                    ?,?,?,?, ?, ?, ?,?,?,
			 		?, ?, ?, ?,?,?,
			 		?,?, ?,?,?,?,?, ?, ?, 
			 		?,?,?,
			 		?,
			 		?,?,?,?,?,
			 		?,?,?,?,
			 		?,?,?,? ) [42122-162]
### SQL: INSERT INTO KSA_LOGISTICS_BOOKINGNOTE       (  ID,  CODE,  TYPE, TYPE_SUB,  SERIAL_NUMBER,  CUSTOMER_ID, INVOICE_NUMBER, CREATED_DATE,   CHARGE_DATE,            SALER_ID, CREATOR_ID, CARRIER_ID, SHIPPING_AGENT_ID, AGENT_ID,       CARGO_NAME, CARGO_NAME_ENG, CARGO_PRICE, HS_CODE, KEY_CONTENT,                         CARGO_NOTE, CARGO_CONTAINER, CARGO_DESCRIPTION, SHIPPING_MARK, VOLUMN, WEIGHT, QUANTITY, UNIT,QUANTITY_DESCRIPTION,       TITLE, MAWB, HAWB, SHIPPER_ID, CONSIGNEE_ID, NOTIFY_ID,       DEPARTURE, DEPARTURE_PORT, DEPARTURE_DATE, DESTINATION, DESTINATION_PORT, DESTINATION_DATE, LOADING_PORT, DISCHARGE_PORT, DELIVER_DATE,       ROUTE, ROUTE_NAME, ROUTE_CODE,       CUSTOMS_BROKER_ID,       CUSTOMS_CODE, CUSTOMS_DATE, RETURN_CODE, RETURN_DATE, RETURN_DATE2,       TAX_CODE, TAX_DATE1, EXPRESS_CODE, TAX_DATE2,        VEHICLE_TEAM_ID, VEHICLE_TYPE, VEHICLE_NUMBER, STATE )   VALUES (  ?,  ?,  ?,  ?, ?, ?,?,?,?,       ?, ?, ?, ?, ?,        ?,?,?,?,?,                     ?,?,?,?, ?, ?, ?,?,?,       ?, ?, ?, ?,?,?,       ?,?, ?,?,?,?,?, ?, ?,        ?,?,?,       ?,       ?,?,?,?,?,       ?,?,?,?,       ?,?,?,? )
### Cause: org.h2.jdbc.JdbcSQLException: Column "CARGO_NAME_ENG" not found; SQL statement:
INSERT INTO KSA_LOGISTICS_BOOKINGNOTE
						(  ID, 	CODE, 	TYPE, TYPE_SUB,		SERIAL_NUMBER, 	CUSTOMER_ID, INVOICE_NUMBER, CREATED_DATE,  	CHARGE_DATE,					
						SALER_ID, CREATOR_ID, CARRIER_ID, SHIPPING_AGENT_ID, AGENT_ID,
						CARGO_NAME, CARGO_NAME_ENG, CARGO_PRICE, HS_CODE, KEY_CONTENT,
                        CARGO_NOTE, CARGO_CONTAINER, CARGO_DESCRIPTION, SHIPPING_MARK, VOLUMN, WEIGHT, QUANTITY, UNIT,QUANTITY_DESCRIPTION,
						TITLE, MAWB, HAWB, SHIPPER_ID, CONSIGNEE_ID, NOTIFY_ID,
						DEPARTURE, DEPARTURE_PORT, DEPARTURE_DATE, DESTINATION, DESTINATION_PORT, DESTINATION_DATE, LOADING_PORT, DISCHARGE_PORT, DELIVER_DATE,
						ROUTE, ROUTE_NAME, ROUTE_CODE,
						CUSTOMS_BROKER_ID,
						CUSTOMS_CODE, CUSTOMS_DATE, RETURN_CODE, RETURN_DATE, RETURN_DATE2,
						TAX_CODE, TAX_DATE1, EXPRESS_CODE, TAX_DATE2, 
						VEHICLE_TEAM_ID, VEHICLE_TYPE, VEHICLE_NUMBER, STATE )
		VALUES ( 	?,  ?, 	?, 	?,	?, ?,?,?,?,
			 		?, ?, ?, ?, ?, 
			 		?,?,?,?,?,
                    ?,?,?,?, ?, ?, ?,?,?,
			 		?, ?, ?, ?,?,?,
			 		?,?, ?,?,?,?,?, ?, ?, 
			 		?,?,?,
			 		?,
			 		?,?,?,?,?,
			 		?,?,?,?,
			 		?,?,?,? ) [42122-162]
; bad SQL grammar []; nested exception is org.h2.jdbc.JdbcSQLException: Column "CARGO_NAME_ENG" not found; SQL statement:
INSERT INTO KSA_LOGISTICS_BOOKINGNOTE
						(  ID, 	CODE, 	TYPE, TYPE_SUB,		SERIAL_NUMBER, 	CUSTOMER_ID, INVOICE_NUMBER, CREATED_DATE,  	CHARGE_DATE,					
						SALER_ID, CREATOR_ID, CARRIER_ID, SHIPPING_AGENT_ID, AGENT_ID,
						CARGO_NAME, CARGO_NAME_ENG, CARGO_PRICE, HS_CODE, KEY_CONTENT,
                        CARGO_NOTE, CARGO_CONTAINER, CARGO_DESCRIPTION, SHIPPING_MARK, VOLUMN, WEIGHT, QUANTITY, UNIT,QUANTITY_DESCRIPTION,
						TITLE, MAWB, HAWB, SHIPPER_ID, CONSIGNEE_ID, NOTIFY_ID,
						DEPARTURE, DEPARTURE_PORT, DEPARTURE_DATE, DESTINATION, DESTINATION_PORT, DESTINATION_DATE, LOADING_PORT, DISCHARGE_PORT, DELIVER_DATE,
						ROUTE, ROUTE_NAME, ROUTE_CODE,
						CUSTOMS_BROKER_ID,
						CUSTOMS_CODE, CUSTOMS_DATE, RETURN_CODE, RETURN_DATE, RETURN_DATE2,
						TAX_CODE, TAX_DATE1, EXPRESS_CODE, TAX_DATE2, 
						VEHICLE_TEAM_ID, VEHICLE_TYPE, VEHICLE_NUMBER, STATE )
		VALUES ( 	?,  ?, 	?, 	?,	?, ?,?,?,?,
			 		?, ?, ?, ?, ?, 
			 		?,?,?,?,?,
                    ?,?,?,?, ?, ?, ?,?,?,
			 		?, ?, ?, ?,?,?,
			 		?,?, ?,?,?,?,?, ?, ?, 
			 		?,?,?,
			 		?,
			 		?,?,?,?,?,
			 		?,?,?,?,
			 		?,?,?,? ) [42122-162]
	at org.springframework.jdbc.support.SQLErrorCodeSQLExceptionTranslator.doTranslate(SQLErrorCodeSQLExceptionTranslator.java:233)
	at org.springframework.jdbc.support.AbstractFallbackSQLExceptionTranslator.translate(AbstractFallbackSQLExceptionTranslator.java:72)
	at org.mybatis.spring.MyBatisExceptionTranslator.translateExceptionIfPossible(MyBatisExceptionTranslator.java:71)
	at org.mybatis.spring.SqlSessionTemplate$SqlSessionInterceptor.invoke(SqlSessionTemplate.java:365)
	at com.sun.proxy.$Proxy6.insert(Unknown Source)
	at org.mybatis.spring.SqlSessionTemplate.insert(SqlSessionTemplate.java:237)
	at com.ksa.dao.logistics.mybatis.MybatisBookingNoteDao.insertBookingNote(MybatisBookingNoteDao.java:24)
	at com.ksa.dao.logistics.mybatis.MybatisBookingNoteDaoTest.testCrudBookingNote(MybatisBookingNoteDaoTest.java:105)
	at java.base/jdk.internal.reflect.NativeMethodAccessorImpl.invoke0(Native Method)
	at java.base/jdk.internal.reflect.NativeMethodAccessorImpl.invoke(NativeMethodAccessorImpl.java:62)
	at java.base/jdk.internal.reflect.DelegatingMethodAccessorImpl.invoke(DelegatingMethodAccessorImpl.java:43)
	at java.base/java.lang.reflect.Method.invoke(Method.java:566)
	at org.junit.runners.model.FrameworkMethod$1.runReflectiveCall(FrameworkMethod.java:44)
	at org.junit.internal.runners.model.ReflectiveCallable.run(ReflectiveCallable.java:15)
	at org.junit.runners.model.FrameworkMethod.invokeExplosively(FrameworkMethod.java:41)
	at org.junit.internal.runners.statements.InvokeMethod.evaluate(InvokeMethod.java:20)
	at org.junit.runners.BlockJUnit4ClassRunner.runNotIgnored(BlockJUnit4ClassRunner.java:79)
	at org.junit.runners.BlockJUnit4ClassRunner.runChild(BlockJUnit4ClassRunner.java:71)
	at org.junit.runners.BlockJUnit4ClassRunner.runChild(BlockJUnit4ClassRunner.java:49)
	at org.junit.runners.ParentRunner$3.run(ParentRunner.java:193)
	at org.junit.runners.ParentRunner$1.schedule(ParentRunner.java:52)
	at org.junit.runners.ParentRunner.runChildren(ParentRunner.java:191)
	at org.junit.runners.ParentRunner.access$000(ParentRunner.java:42)
	at org.junit.runners.ParentRunner$2.evaluate(ParentRunner.java:184)
	at org.junit.internal.runners.statements.RunBefores.evaluate(RunBefores.java:28)
	at org.junit.runners.ParentRunner.run(ParentRunner.java:236)
	at org.junit.runners.Suite.runChild(Suite.java:128)
	at org.junit.runners.Suite.runChild(Suite.java:24)
	at org.junit.runners.ParentRunner$3.run(ParentRunner.java:193)
	at org.junit.runners.ParentRunner$1.schedule(ParentRunner.java:52)
	at org.junit.runners.ParentRunner.runChildren(ParentRunner.java:191)
	at org.junit.runners.ParentRunner.access$000(ParentRunner.java:42)
	at org.junit.runners.ParentRunner$2.evaluate(ParentRunner.java:184)
	at org.junit.runners.ParentRunner.run(ParentRunner.java:236)
	at org.junit.runner.JUnitCore.run(JUnitCore.java:157)
	at org.junit.runner.JUnitCore.run(JUnitCore.java:136)
	at org.junit.runner.JUnitCore.run(JUnitCore.java:127)
	at org.apache.maven.surefire.junitcore.JUnitCoreWrapper.execute(JUnitCoreWrapper.java:52)
	at org.apache.maven.surefire.junitcore.JUnitCoreProvider.invoke(JUnitCoreProvider.java:112)
	at java.base/jdk.internal.reflect.NativeMethodAccessorImpl.invoke0(Native Method)
	at java.base/jdk.internal.reflect.NativeMethodAccessorImpl.invoke(NativeMethodAccessorImpl.java:62)
	at java.base/jdk.internal.reflect.DelegatingMethodAccessorImpl.invoke(DelegatingMethodAccessorImpl.java:43)
	at java.base/java.lang.reflect.Method.invoke(Method.java:566)
	at org.apache.maven.surefire.util.ReflectionUtils.invokeMethodWithArray(ReflectionUtils.java:164)
	at org.apache.maven.surefire.booter.ProviderFactory$ProviderProxy.invoke(ProviderFactory.java:110)
	at org.apache.maven.surefire.booter.SurefireStarter.invokeProvider(SurefireStarter.java:175)
	at org.apache.maven.surefire.booter.SurefireStarter.runSuitesInProcessWhenForked(SurefireStarter.java:107)
	at org.apache.maven.surefire.booter.ForkedBooter.main(ForkedBooter.java:68)
Caused by: org.h2.jdbc.JdbcSQLException: Column "CARGO_NAME_ENG" not found; SQL statement:
INSERT INTO KSA_LOGISTICS_BOOKINGNOTE
						(  ID, 	CODE, 	TYPE, TYPE_SUB,		SERIAL_NUMBER, 	CUSTOMER_ID, INVOICE_NUMBER, CREATED_DATE,  	CHARGE_DATE,					
						SALER_ID, CREATOR_ID, CARRIER_ID, SHIPPING_AGENT_ID, AGENT_ID,
						CARGO_NAME, CARGO_NAME_ENG, CARGO_PRICE, HS_CODE, KEY_CONTENT,
                        CARGO_NOTE, CARGO_CONTAINER, CARGO_DESCRIPTION, SHIPPING_MARK, VOLUMN, WEIGHT, QUANTITY, UNIT,QUANTITY_DESCRIPTION,
						TITLE, MAWB, HAWB, SHIPPER_ID, CONSIGNEE_ID, NOTIFY_ID,
						DEPARTURE, DEPARTURE_PORT, DEPARTURE_DATE, DESTINATION, DESTINATION_PORT, DESTINATION_DATE, LOADING_PORT, DISCHARGE_PORT, DELIVER_DATE,
						ROUTE, ROUTE_NAME, ROUTE_CODE,
						CUSTOMS_BROKER_ID,
						CUSTOMS_CODE, CUSTOMS_DATE, RETURN_CODE, RETURN_DATE, RETURN_DATE2,
						TAX_CODE, TAX_DATE1, EXPRESS_CODE, TAX_DATE2, 
						VEHICLE_TEAM_ID, VEHICLE_TYPE, VEHICLE_NUMBER, STATE )
		VALUES ( 	?,  ?, 	?, 	?,	?, ?,?,?,?,
			 		?, ?, ?, ?, ?, 
			 		?,?,?,?,?,
                    ?,?,?,?, ?, ?, ?,?,?,
			 		?, ?, ?, ?,?,?,
			 		?,?, ?,?,?,?,?, ?, ?, 
			 		?,?,?,
			 		?,
			 		?,?,?,?,?,
			 		?,?,?,?,
			 		?,?,?,? ) [42122-162]
	at org.h2.message.DbException.getJdbcSQLException(DbException.java:329)
	at org.h2.message.DbException.get(DbException.java:169)
	at org.h2.message.DbException.get(DbException.java:146)
	at org.h2.table.Table.getColumn(Table.java:596)
	at org.h2.command.Parser.parseColumn(Parser.java:798)
	at org.h2.command.Parser.parseColumnList(Parser.java:783)
	at org.h2.command.Parser.parseInsert(Parser.java:963)
	at org.h2.command.Parser.parsePrepared(Parser.java:375)
	at org.h2.command.Parser.parse(Parser.java:279)
	at org.h2.command.Parser.parse(Parser.java:251)
	at org.h2.command.Parser.prepareCommand(Parser.java:217)
	at org.h2.engine.Session.prepareLocal(Session.java:415)
	at org.h2.engine.Session.prepareCommand(Session.java:364)
	at org.h2.jdbc.JdbcConnection.prepareCommand(JdbcConnection.java:1121)
	at org.h2.jdbc.JdbcPreparedStatement.<init>(JdbcPreparedStatement.java:71)
	at org.h2.jdbc.JdbcConnection.prepareStatement(JdbcConnection.java:267)
	at java.base/jdk.internal.reflect.NativeMethodAccessorImpl.invoke0(Native Method)
	at java.base/jdk.internal.reflect.NativeMethodAccessorImpl.invoke(NativeMethodAccessorImpl.java:62)
	at java.base/jdk.internal.reflect.DelegatingMethodAccessorImpl.invoke(DelegatingMethodAccessorImpl.java:43)
	at java.base/java.lang.reflect.Method.invoke(Method.java:566)
	at org.apache.ibatis.logging.jdbc.ConnectionLogger.invoke(ConnectionLogger.java:53)
	at com.sun.proxy.$Proxy10.prepareStatement(Unknown Source)
	at org.apache.ibatis.executor.statement.PreparedStatementHandler.instantiateStatement(PreparedStatementHandler.java:72)
	at org.apache.ibatis.executor.statement.BaseStatementHandler.prepare(BaseStatementHandler.java:82)
	at org.apache.ibatis.executor.statement.RoutingStatementHandler.prepare(RoutingStatementHandler.java:54)
	at java.base/jdk.internal.reflect.NativeMethodAccessorImpl.invoke0(Native Method)
	at java.base/jdk.internal.reflect.NativeMethodAccessorImpl.invoke(NativeMethodAccessorImpl.java:62)
	at java.base/jdk.internal.reflect.DelegatingMethodAccessorImpl.invoke(DelegatingMethodAccessorImpl.java:43)
	at java.base/java.lang.reflect.Method.invoke(Method.java:566)
	at org.apache.ibatis.plugin.Invocation.proceed(Invocation.java:46)
	at com.ksa.dao.mybatis.plugin.PaginationPlugin.intercept(PaginationPlugin.java:97)
	at org.apache.ibatis.plugin.Plugin.invoke(Plugin.java:57)
	at com.sun.proxy.$Proxy9.prepare(Unknown Source)
	at org.apache.ibatis.executor.SimpleExecutor.prepareStatement(SimpleExecutor.java:70)
	at org.apache.ibatis.executor.SimpleExecutor.doUpdate(SimpleExecutor.java:44)
	at org.apache.ibatis.executor.BaseExecutor.update(BaseExecutor.java:108)
	at org.apache.ibatis.executor.CachingExecutor.update(CachingExecutor.java:75)
	at org.apache.ibatis.session.defaults.DefaultSqlSession.update(DefaultSqlSession.java:145)
	at org.apache.ibatis.session.defaults.DefaultSqlSession.insert(DefaultSqlSession.java:134)
	at java.base/jdk.internal.reflect.NativeMethodAccessorImpl.invoke0(Native Method)
	at java.base/jdk.internal.reflect.NativeMethodAccessorImpl.invoke(NativeMethodAccessorImpl.java:62)
	at java.base/jdk.internal.reflect.DelegatingMethodAccessorImpl.invoke(DelegatingMethodAccessorImpl.java:43)
	at java.base/java.lang.reflect.Method.invoke(Method.java:566)
	at org.mybatis.spring.SqlSessionTemplate$SqlSessionInterceptor.invoke(SqlSessionTemplate.java:355)
	... 44 more
